<?xml version="1.0" encoding="UTF-8"?>
<!-- Generated by org.testng.reporters.JUnitReportReporter -->
<testsuite skipped="0" hostname="ZIFFITY0010" name="Testcase.Login" tests="2" failures="0" timestamp="15 Nov 2019 10:54:54 GMT" time="6.879" errors="0">
  <testcase name="Url" time="2.505" classname="Testcase.Login"/>
  <testcase name="signin" time="4.374" classname="Testcase.Login"/>
</testsuite> <!-- Testcase.Login -->
