<?xml version="1.0" encoding="UTF-8"?>
<!-- Generated by org.testng.reporters.JUnitReportReporter -->
<testsuite skipped="0" hostname="ZIFFITY0010" name="Cucumberoption.TestRunner" tests="1" failures="0" timestamp="29 Nov 2019 06:11:34 GMT" time="188.688" errors="0">
  <testcase name="feature" time="188.688" classname="Cucumberoption.TestRunner"/>
</testsuite> <!-- Cucumberoption.TestRunner -->
